<?xml version="1.0" encoding="UTF-8"?>
<testsuite xmlns:xsi="http://www.w3.org/2001/XMLSchema-instance" xsi:noNamespaceSchemaLocation="https://maven.apache.org/surefire/maven-surefire-plugin/xsd/surefire-test-report-3.0.xsd" version="3.0" name="com.adactin.runner.RunnerClass" time="37.927" tests="27" errors="0" skipped="0" failures="0">
  <properties>
[...]
</properties>
  <testcase name="Given user Launch The Url In Adactin Application" classname="Scenario: User Login In The Web Application" time="0.008">
    <system-err><![CDATA[SLF4J: No SLF4J providers were found.
SLF4J: Defaulting to no-operation (NOP) logger implementation
SLF4J: See https://www.slf4j.org/codes.html#noProviders for further details.
Starting ChromeDriver 118.0.5993.70 (e52f33f30b91b4ddfad649acddc39ab570473b86-refs/branch-heads/5993@{#1216}) on port 12727
Only local connections are allowed.
Please see https://chromedriver.chromium.org/security-considerations for suggestions on keeping ChromeDriver safe.
ChromeDriver was started successfully.
Nov 03, 2023 3:21:19 PM org.openqa.selenium.remote.ProtocolHandshake createSession
INFO: Detected dialect: W3C
]]></system-err>
  </testcase>
  <testcase name="When user Enter The Username In The Username Field" classname="Scenario: User Login In The Web Application" time="0"/>
  <testcase name="And user Enter The Password In The Password Field" classname="Scenario: User Login In The Web Application" time="0"/>
  <testcase name="Then user Click The Login Button And It Navigate To Search Hotel Page" classname="Scenario: User Login In The Web Application" time="0"/>
  <testcase name="" classname="Scenario: User Login In The Web Application" time="0"/>
  <testcase name="When user Select The Location" classname="Scenario: In This Page User Search Hotel" time="0"/>
  <testcase name="And user Select The Hotels" classname="Scenario: In This Page User Search Hotel" time="0"/>
  <testcase name="And user Select The Room Type" classname="Scenario: In This Page User Search Hotel" time="0"/>
  <testcase name="And user Select The Number Of Rooms" classname="Scenario: In This Page User Search Hotel" time="0"/>
  <testcase name="And user Select The Check In Date" classname="Scenario: In This Page User Search Hotel" time="0.001"/>
  <testcase name="And user Select The Check Out Date" classname="Scenario: In This Page User Search Hotel" time="0"/>
  <testcase name="And user Select The Adults Per Room" classname="Scenario: In This Page User Search Hotel" time="0"/>
  <testcase name="And user Select The Children Per Room" classname="Scenario: In This Page User Search Hotel" time="0"/>
  <testcase name="Then user Click The Search Button And Its Navigate To The Selected Hotel Page" classname="Scenario: In This Page User Search Hotel" time="0.014"/>
  <testcase name="" classname="Scenario: In This Page User Search Hotel" time="0.014"/>
  <testcase name="When user Click The Radio Button To Confirm The Hotel" classname="Scenario: In This Page User Confirm The Hotel" time="0"/>
  <testcase name="Then user Click The Continue Button And Its Navigate To The Book A Hotel Page" classname="Scenario: In This Page User Confirm The Hotel" time="0.001"/>
  <testcase name="" classname="Scenario: In This Page User Confirm The Hotel" time="0.001"/>
  <testcase name="And user Enter The First Name" classname="Scenario: In This Page User Confirm The Hotel Booking" time="0"/>
  <testcase name="And user Enter The Last Name" classname="Scenario: In This Page User Confirm The Hotel Booking" time="0"/>
  <testcase name="And user Enter The Billing Address" classname="Scenario: In This Page User Confirm The Hotel Booking" time="0"/>
  <testcase name="And user Enter The Credit Card No" classname="Scenario: In This Page User Confirm The Hotel Booking" time="0"/>
  <testcase name="And user Enter The  Credit Card Type" classname="Scenario: In This Page User Confirm The Hotel Booking" time="0"/>
  <testcase name="And user Enter The Expiry Date" classname="Scenario: In This Page User Confirm The Hotel Booking" time="0.001"/>
  <testcase name="And user Enter The CVV Number" classname="Scenario: In This Page User Confirm The Hotel Booking" time="0"/>
  <testcase name="Then user Click The Book Now Button And Navigates To Next Page" classname="Scenario: In This Page User Confirm The Hotel Booking" time="0"/>
  <testcase name="" classname="Scenario: In This Page User Confirm The Hotel Booking" time="0"/>
</testsuite>